<?xml version="1.0" encoding="UTF-8"?>
<!-- Generated by org.testng.reporters.JUnitXMLReporter -->
<testsuite ignored="0" hostname="DESKTOP-HF663UQ" failures="0" tests="4" name="Test" time="648.445" errors="0" timestamp="2023-07-02T23:07:44 IST">
  <testcase classname="Test_Classes.Post_TC1" name="extractor" time="135.993"/>
  <testcase classname="Test_Classes.Get_TC1" name="extractor" time="127.18"/>
  <testcase classname="Test_Classes.Put_TC1" name="extractor" time="192.187"/>
  <testcase classname="Test_Classes.Patch_TC1" name="extractor" time="192.814"/>
</testsuite> <!-- Test -->
