<?xml version="1.0" encoding="UTF-8"?>
<testng-results ignored="0" total="4" passed="4" failed="0" skipped="0">
  <reporter-output>
  </reporter-output>
  <suite started-at="2023-07-02T22:56:55 IST" name="Suite" finished-at="2023-07-02T23:07:44 IST" duration-ms="648445">
    <groups>
    </groups>
    <test started-at="2023-07-02T22:56:55 IST" name="Test" finished-at="2023-07-02T23:07:44 IST" duration-ms="648445">
      <class name="Test_Classes.Patch_TC1">
        <test-method signature="extractor()[pri:0, instance:Test_Classes.Patch_TC1@457c9034]" started-at="2023-07-02T23:04:31 IST" name="extractor" finished-at="2023-07-02T23:07:44 IST" duration-ms="192814" status="PASS">
          <reporter-output>
          </reporter-output>
        </test-method> <!-- extractor -->
      </class> <!-- Test_Classes.Patch_TC1 -->
      <class name="Test_Classes.Post_TC1">
        <test-method signature="extractor()[pri:0, instance:Test_Classes.Post_TC1@45a37759]" started-at="2023-07-02T22:56:55 IST" name="extractor" finished-at="2023-07-02T22:59:11 IST" duration-ms="135993" status="PASS">
          <reporter-output>
          </reporter-output>
        </test-method> <!-- extractor -->
      </class> <!-- Test_Classes.Post_TC1 -->
      <class name="Test_Classes.Put_TC1">
        <test-method signature="extractor()[pri:0, instance:Test_Classes.Put_TC1@7922d892]" started-at="2023-07-02T23:01:19 IST" name="extractor" finished-at="2023-07-02T23:04:31 IST" duration-ms="192187" status="PASS">
          <reporter-output>
          </reporter-output>
        </test-method> <!-- extractor -->
      </class> <!-- Test_Classes.Put_TC1 -->
      <class name="Test_Classes.Get_TC1">
        <test-method signature="extractor()[pri:0, instance:Test_Classes.Get_TC1@69f1a286]" started-at="2023-07-02T22:59:12 IST" name="extractor" finished-at="2023-07-02T23:01:19 IST" duration-ms="127180" status="PASS">
          <reporter-output>
          </reporter-output>
        </test-method> <!-- extractor -->
      </class> <!-- Test_Classes.Get_TC1 -->
    </test> <!-- Test -->
  </suite> <!-- Suite -->
</testng-results>
